<?xml version="1.0" encoding="UTF-8" ?>
<testsuite tests="5" failures="0" name="com.my.sts.service.DeptServiceTest" time="0.16" errors="0" skipped="0">
  <properties>
[...]
</properties>
  <testcase classname="com.my.sts.service.DeptServiceTest" name="testAdd" time="0.045"/>
  <testcase classname="com.my.sts.service.DeptServiceTest" name="testDept" time="0.039"/>
  <testcase classname="com.my.sts.service.DeptServiceTest" name="testEdit" time="0.026"/>
  <testcase classname="com.my.sts.service.DeptServiceTest" name="testList" time="0.026"/>
  <testcase classname="com.my.sts.service.DeptServiceTest" name="testDelete" time="0.024"/>
</testsuite>