<?xml version="1.0" encoding="UTF-8"?>
<testsuite xmlns:xsi="http://www.w3.org/2001/XMLSchema-instance" xsi:noNamespaceSchemaLocation="https://maven.apache.org/surefire/maven-surefire-plugin/xsd/surefire-test-report-3.0.xsd" version="3.0" name="com.my.model.DeptDaoTest" time="0.158" tests="5" errors="0" skipped="0" failures="0">
  <properties>
[...]
</properties>
  <testcase name="test1SelectAll" classname="com.my.model.DeptDaoTest" time="0.11">
    <system-out><![CDATA[setup
down
]]></system-out>
  </testcase>
  <testcase name="test2InsertOne" classname="com.my.model.DeptDaoTest" time="0.0">
    <system-out><![CDATA[setup
down
]]></system-out>
  </testcase>
  <testcase name="test3SelectOne" classname="com.my.model.DeptDaoTest" time="0.016">
    <system-out><![CDATA[setup
down
]]></system-out>
  </testcase>
  <testcase name="test4UpdateOne" classname="com.my.model.DeptDaoTest" time="0.0">
    <system-out><![CDATA[setup
down
]]></system-out>
  </testcase>
  <testcase name="test5DeleteOne" classname="com.my.model.DeptDaoTest" time="0.0">
    <system-out><![CDATA[setup
down
]]></system-out>
  </testcase>
</testsuite>